
[UX AUDIT] 26 files checked
--------------------------------------------------
[!] ISSUES (12):
  - [Cognitive Load] globals.css: Form inputs without labels. Use <label> for accessibility and clarity.
  - [Color] globals.css: PURPLE DETECTED ('magenta'). Banned by Maestro rules. Use Teal/Cyan/Emerald instead.
  - [Cognitive Load] About.tsx: Form inputs without labels. Use <label> for accessibility and clarity.
  - [Cognitive Load] Certificates.tsx: Form inputs without labels. Use <label> for accessibility and clarity.
  - [Cognitive Load] Experience.tsx: Form inputs without labels. Use <label> for accessibility and clarity.
  - [Cognitive Load] Hero.tsx: Form inputs without labels. Use <label> for accessibility and clarity.
  - [Color] Hero.tsx: PURPLE DETECTED ('magenta'). Banned by Maestro rules. Use Teal/Cyan/Emerald instead.
  - [Cognitive Load] MarqueeTicker.tsx: Form inputs without labels. Use <label> for accessibility and clarity.
  - [Cognitive Load] Projects.tsx: Form inputs without labels. Use <label> for accessibility and clarity.
  - [Cognitive Load] Skills.tsx: Form inputs without labels. Use <label> for accessibility and clarity.
[*] WARNINGS (124):
  - [Cognitive Load] globals.css: High visual noise detected. Many colors and borders increase cognitive load.
  - [Performance] globals.css: Animating expensive properties (padding, bottom, right, margin, left, top, height, width). Use transform/opacity where possible.
  - [Visual] globals.css: Many gradients detected (13). Ensure this serves purpose, not decoration.
  - [Visual] globals.css: Many border declarations (12). Simplify for cleaner look.
  - [Visual] globals.css: Many visual effects (31). Ensure effects serve purpose, not decoration.
  - [Color] globals.css: 17 distinct colors. Consider 60-30-10 rule: dominant (60%), secondary (30%), accent (10%).
  - [Color] globals.css: Pure black (#000000) detected. Use #1a1a1a or darker grays for better dark mode.
  - [Motion] globals.css: Many animations (7). Ensure majority serve functional purpose (feedback, guidance), not decoration.
  - [Reflective] not-found.tsx: Long-form content without brand story/values. Add 'About' or 'Why We Exist' section.
  - [Trust] not-found.tsx: No social proof detected. Consider adding testimonials, ratings, or 'Trusted by' logos.
  - [Trust] page.tsx: No social proof detected. Consider adding testimonials, ratings, or 'Trusted by' logos.
  - [Typography] page.tsx: No line length constraint (45-75ch). Use max-w-prose or max-w-[65ch].
  - [Typography] page.tsx: Text elements found without line-height. Body: 1.4-1.6, Headings: 1.1-1.3
  - [Visual] page.tsx: Flat design with no depth. Consider shadows or subtle gradients for hierarchy.
  - [Persuasion] About.tsx: Social proof without specific numbers. Use 'Join 10,000+' format.
[+] PASSED CHECKS: 10
STATUS: FAIL
